<?xml version="1.0" encoding="UTF-8"?>
<!-- Generated by org.testng.reporters.JUnitXMLReporter -->
<testsuite ignored="2" hostname="Anh-IT-ngheo-2.local" failures="12" tests="12" name="Surefire test" time="1.245" errors="0" timestamp="2024-06-29T18:54:15 ICT">
  <testcase classname="Tests.ProductLineTest" name="createProductLine" time="0.518">
    <failure type="java.lang.AssertionError" message="expected [201] but found [401]">
      <![CDATA[java.lang.AssertionError: expected [201] but found [401]
at Tests.ProductLineTest.createProductLine(ProductLineTest.java:52)
at java.base/java.util.ArrayList.forEach(ArrayList.java:1597)
... Removed 37 stack frames]]>
    </failure>
  </testcase> <!-- createProductLine -->
  <testcase classname="Tests.ProductLineTest" name="deleteProductLine" time="0.039">
    <failure type="java.lang.AssertionError" message="expected [201] but found [401]">
      <![CDATA[java.lang.AssertionError: expected [201] but found [401]
at Tests.ProductLineTest.deleteProductLine(ProductLineTest.java:94)
at java.base/java.util.ArrayList.forEach(ArrayList.java:1597)
... Removed 37 stack frames]]>
    </failure>
  </testcase> <!-- deleteProductLine -->
  <testcase classname="Tests.ProductLineTest" name="getListProductLineDefault" time="0.028">
    <failure type="java.lang.AssertionError" message="expected [200] but found [401]">
      <![CDATA[java.lang.AssertionError: expected [200] but found [401]
at Tests.ProductLineTest.getListProductLineDefault(ProductLineTest.java:35)
at java.base/java.util.ArrayList.forEach(ArrayList.java:1597)
... Removed 37 stack frames]]>
    </failure>
  </testcase> <!-- getListProductLineDefault -->
  <testcase classname="Tests.ProductLineTest" name="updateProductLine" time="0.029">
    <failure type="java.lang.AssertionError" message="expected [201] but found [401]">
      <![CDATA[java.lang.AssertionError: expected [201] but found [401]
at Tests.ProductLineTest.updateProductLine(ProductLineTest.java:73)
at java.base/java.util.ArrayList.forEach(ArrayList.java:1597)
... Removed 37 stack frames]]>
    </failure>
  </testcase> <!-- updateProductLine -->
  <testcase classname="Tests.BrandTest" name="createBrand" time="0.0">
    <failure type="org.testng.TestNGException" message="
Cannot inject @Test annotated Method [createBrand] with [class java.lang.String].
For more information on native dependency injection please refer to https://testng.org/doc/documentation-main.html#native-dependency-injection">
      <![CDATA[org.testng.TestNGException: 
Cannot inject @Test annotated Method [createBrand] with [class java.lang.String].
For more information on native dependency injection please refer to https://testng.org/doc/documentation-main.html#native-dependency-injection
at java.base/java.util.ArrayList.forEach(ArrayList.java:1597)
... Removed 31 stack frames]]>
    </failure>
  </testcase> <!-- createBrand -->
  <testcase classname="Tests.BrandTest" name="deleteBrand" time="0.025">
    <failure type="java.lang.AssertionError">
      <![CDATA[java.lang.AssertionError
at Tests.BrandTest.deleteBrand(BrandTest.java:120)
at java.base/java.util.ArrayList.forEach(ArrayList.java:1597)
... Removed 30 stack frames]]>
    </failure>
  </testcase> <!-- deleteBrand -->
  <testcase classname="Tests.BrandTest" name="getListBrandDefault" time="0.443">
    <failure type="java.lang.AssertionError" message="
Expected: is &amp;quot;application/json&amp;quot;
     but: was &amp;quot;application/json; charset=utf-8&amp;quot;">
      <![CDATA[java.lang.AssertionError: 
Expected: is "application/json"
     but: was "application/json; charset=utf-8"
at org.hamcrest.MatcherAssert.assertThat(MatcherAssert.java:20)
at org.hamcrest.MatcherAssert.assertThat(MatcherAssert.java:6)
at Tests.BrandTest.getListBrandDefault(BrandTest.java:44)
at java.base/java.util.ArrayList.forEach(ArrayList.java:1597)
... Removed 30 stack frames]]>
    </failure>
  </testcase> <!-- getListBrandDefault -->
  <testcase classname="Tests.BrandTest" name="updateBrand" time="0.032">
    <failure type="java.lang.AssertionError" message="
Expected: is &amp;lt;200&amp;gt;
     but: was &amp;lt;401&amp;gt;">
      <![CDATA[java.lang.AssertionError: 
Expected: is <200>
     but: was <401>
at org.hamcrest.MatcherAssert.assertThat(MatcherAssert.java:20)
at org.hamcrest.MatcherAssert.assertThat(MatcherAssert.java:6)
at Tests.BrandTest.updateBrand(BrandTest.java:93)
at java.base/java.util.ArrayList.forEach(ArrayList.java:1597)
... Removed 30 stack frames]]>
    </failure>
  </testcase> <!-- updateBrand -->
  <testcase classname="Tests.ModelTest" name="createModel" time="0.028">
    <failure type="java.lang.AssertionError" message="expected [201] but found [401]">
      <![CDATA[java.lang.AssertionError: expected [201] but found [401]
at Tests.ModelTest.createModel(ModelTest.java:58)
at java.base/java.util.ArrayList.forEach(ArrayList.java:1597)
... Removed 37 stack frames]]>
    </failure>
  </testcase> <!-- createModel -->
  <testcase classname="Tests.ModelTest" name="deleteModel" time="0.029">
    <failure type="java.lang.AssertionError" message="expected [201] but found [401]">
      <![CDATA[java.lang.AssertionError: expected [201] but found [401]
at Tests.ModelTest.deleteModel(ModelTest.java:96)
at java.base/java.util.ArrayList.forEach(ArrayList.java:1597)
... Removed 37 stack frames]]>
    </failure>
  </testcase> <!-- deleteModel -->
  <testcase classname="Tests.ModelTest" name="getListModelDefault" time="0.026">
    <failure type="java.lang.AssertionError" message="expected [200] but found [401]">
      <![CDATA[java.lang.AssertionError: expected [200] but found [401]
at Tests.ModelTest.getListModelDefault(ModelTest.java:37)
at java.base/java.util.ArrayList.forEach(ArrayList.java:1597)
... Removed 37 stack frames]]>
    </failure>
  </testcase> <!-- getListModelDefault -->
  <testcase classname="Tests.ModelTest" name="updateModel" time="0.028">
    <failure type="java.lang.AssertionError" message="expected [201] but found [401]">
      <![CDATA[java.lang.AssertionError: expected [201] but found [401]
at Tests.ModelTest.updateModel(ModelTest.java:78)
at java.base/java.util.ArrayList.forEach(ArrayList.java:1597)
... Removed 37 stack frames]]>
    </failure>
  </testcase> <!-- updateModel -->
  <testcase classname="APIs.BaseSetup" name="@BeforeSuite setUp" time="0.0">
    <ignored/>
  </testcase> <!-- @BeforeSuite setUp -->
  <testcase classname="APIs.BaseSetup" name="@BeforeSuite setUp" time="0.0">
    <ignored/>
  </testcase> <!-- @BeforeSuite setUp -->
</testsuite> <!-- Surefire test -->
