{"uuid":"570b1dc8-a73b-45b3-8e63-a9c645fe1f2e","historyId":"deb33cf9fb7c35d91f9c57bfaafbd6a2","fullName":"Tests.BrandTest.getListBrandDefault","labels":[{"name":"package","value":"Tests.BrandTest"},{"name":"testClass","value":"Tests.BrandTest"},{"name":"testMethod","value":"getListBrandDefault"},{"name":"parentSuite","value":"Default Suite"},{"name":"suite","value":"ECI_ContentModerator_Automation tesing"},{"name":"subSuite","value":"Tests.BrandTest"},{"name":"host","value":"Anh-IT-ngheo-2.local"},{"name":"thread","value":"7547@Anh-IT-ngheo-2.local.main(1)"},{"name":"framework","value":"testng"},{"name":"language","value":"java"}],"links":[],"name":"getListBrandDefault","status":"broken","statusDetails":{"known":false,"muted":false,"flaky":false,"message":"com.github.fge.jsonschema.core.exceptions.ProcessingException: fatal: content at URI \"file:/Users/tranthanhlam/Desktop/ECI_ContentModerator_Automation%20tesing/target/test-classes/Schema/Brand/get_list_brand_schema.json#\" is not valid JSON\n    level: \"fatal\"\n    uri: \"file:/Users/tranthanhlam/Desktop/ECI_ContentModerator_Automation%20tesing/target/test-classes/Schema/Brand/get_list_brand_schema.json#\"\n    parsingMessage: \"input has trailing data after first JSON Text\"\n","trace":"io.restassured.module.jsv.JsonSchemaValidationException: com.github.fge.jsonschema.core.exceptions.ProcessingException: fatal: content at URI \"file:/Users/tranthanhlam/Desktop/ECI_ContentModerator_Automation%20tesing/target/test-classes/Schema/Brand/get_list_brand_schema.json#\" is not valid JSON\n    level: \"fatal\"\n    uri: \"file:/Users/tranthanhlam/Desktop/ECI_ContentModerator_Automation%20tesing/target/test-classes/Schema/Brand/get_list_brand_schema.json#\"\n    parsingMessage: \"input has trailing data after first JSON Text\"\n\n\tat io.restassured.module.jsv.JsonSchemaValidator.matchesSafely(JsonSchemaValidator.java:233)\n\tat io.restassured.module.jsv.JsonSchemaValidator.matchesSafely(JsonSchemaValidator.java:75)\n\tat org.hamcrest.TypeSafeMatcher.matches(TypeSafeMatcher.java:67)\n\tat io.restassured.internal.assertion.BodyMatcher.validate(BodyMatcher.java:82)\n\tat io.restassured.internal.assertion.BodyMatcherGroup.lambda$validate$0(BodyMatcherGroup.java:30)\n\tat java.base/java.util.stream.ReferencePipeline$3$1.accept(ReferencePipeline.java:197)\n\tat java.base/java.util.ArrayList$ArrayListSpliterator.forEachRemaining(ArrayList.java:1625)\n\tat java.base/java.util.stream.AbstractPipeline.copyInto(AbstractPipeline.java:509)\n\tat java.base/java.util.stream.AbstractPipeline.wrapAndCopyInto(AbstractPipeline.java:499)\n\tat java.base/java.util.stream.ReduceOps$ReduceOp.evaluateSequential(ReduceOps.java:921)\n\tat java.base/java.util.stream.AbstractPipeline.evaluate(AbstractPipeline.java:234)\n\tat java.base/java.util.stream.ReferencePipeline.collect(ReferencePipeline.java:682)\n\tat io.restassured.internal.assertion.BodyMatcherGroup.validate(BodyMatcherGroup.java:30)\n\tat io.restassured.internal.assertion.BodyMatcherGroup$validate$3.call(Unknown Source)\n\tat org.codehaus.groovy.runtime.callsite.CallSiteArray.defaultCall(CallSiteArray.java:46)\n\tat org.codehaus.groovy.runtime.callsite.AbstractCallSite.call(AbstractCallSite.java:125)\n\tat org.codehaus.groovy.runtime.callsite.AbstractCallSite.call(AbstractCallSite.java:157)\n\tat io.restassured.internal.ResponseSpecificationImpl$HamcrestAssertionClosure.validate(ResponseSpecificationImpl.groovy:499)\n\tat io.restassured.internal.ResponseSpecificationImpl$HamcrestAssertionClosure$validate$1.call(Unknown Source)\n\tat org.codehaus.groovy.runtime.callsite.CallSiteArray.defaultCall(CallSiteArray.java:46)\n\tat org.codehaus.groovy.runtime.callsite.AbstractCallSite.call(AbstractCallSite.java:125)\n\tat org.codehaus.groovy.runtime.callsite.AbstractCallSite.call(AbstractCallSite.java:139)\n\tat io.restassured.internal.ResponseSpecificationImpl.validateResponseIfRequired(ResponseSpecificationImpl.groovy:696)\n\tat io.restassured.internal.ResponseSpecificationImpl.this$2$validateResponseIfRequired(ResponseSpecificationImpl.groovy)\n\tat java.base/jdk.internal.reflect.DirectMethodHandleAccessor.invoke(DirectMethodHandleAccessor.java:104)\n\tat java.base/java.lang.reflect.Method.invoke(Method.java:578)\n\tat org.codehaus.groovy.runtime.callsite.PlainObjectMetaMethodSite.doInvoke(PlainObjectMetaMethodSite.java:43)\n\tat org.codehaus.groovy.runtime.callsite.PogoMetaMethodSite$PogoCachedMethodSiteNoUnwrapNoCoerce.invoke(PogoMetaMethodSite.java:198)\n\tat org.codehaus.groovy.runtime.callsite.PogoMetaMethodSite.callCurrent(PogoMetaMethodSite.java:62)\n\tat org.codehaus.groovy.runtime.callsite.CallSiteArray.defaultCallCurrent(CallSiteArray.java:50)\n\tat org.codehaus.groovy.runtime.callsite.AbstractCallSite.callCurrent(AbstractCallSite.java:171)\n\tat org.codehaus.groovy.runtime.callsite.AbstractCallSite.callCurrent(AbstractCallSite.java:185)\n\tat io.restassured.internal.ResponseSpecificationImpl.body(ResponseSpecificationImpl.groovy:107)\n\tat io.restassured.internal.ValidatableResponseOptionsImpl.body(ValidatableResponseOptionsImpl.java:238)\n\tat Tests.BrandTest.getListBrandDefault(BrandTest.java:46)\n\tat java.base/jdk.internal.reflect.DirectMethodHandleAccessor.invoke(DirectMethodHandleAccessor.java:104)\n\tat java.base/java.lang.reflect.Method.invoke(Method.java:578)\n\tat org.testng.internal.invokers.MethodInvocationHelper.invokeMethod(MethodInvocationHelper.java:139)\n\tat org.testng.internal.invokers.TestInvoker.invokeMethod(TestInvoker.java:664)\n\tat org.testng.internal.invokers.TestInvoker.invokeTestMethod(TestInvoker.java:227)\n\tat org.testng.internal.invokers.MethodRunner.runInSequence(MethodRunner.java:50)\n\tat org.testng.internal.invokers.TestInvoker$MethodInvocationAgent.invoke(TestInvoker.java:957)\n\tat org.testng.internal.invokers.TestInvoker.invokeTestMethods(TestInvoker.java:200)\n\tat org.testng.internal.invokers.TestMethodWorker.invokeTestMethods(TestMethodWorker.java:148)\n\tat org.testng.internal.invokers.TestMethodWorker.run(TestMethodWorker.java:128)\n\tat java.base/java.util.ArrayList.forEach(ArrayList.java:1511)\n\tat org.testng.TestRunner.privateRun(TestRunner.java:848)\n\tat org.testng.TestRunner.run(TestRunner.java:621)\n\tat org.testng.SuiteRunner.runTest(SuiteRunner.java:443)\n\tat org.testng.SuiteRunner.runSequentially(SuiteRunner.java:437)\n\tat org.testng.SuiteRunner.privateRun(SuiteRunner.java:397)\n\tat org.testng.SuiteRunner.run(SuiteRunner.java:336)\n\tat org.testng.SuiteRunnerWorker.runSuite(SuiteRunnerWorker.java:52)\n\tat org.testng.SuiteRunnerWorker.run(SuiteRunnerWorker.java:95)\n\tat org.testng.TestNG.runSuitesSequentially(TestNG.java:1280)\n\tat org.testng.TestNG.runSuitesLocally(TestNG.java:1200)\n\tat org.testng.TestNG.runSuites(TestNG.java:1114)\n\tat org.testng.TestNG.run(TestNG.java:1082)\n\tat com.intellij.rt.testng.IDEARemoteTestNG.run(IDEARemoteTestNG.java:66)\n\tat com.intellij.rt.testng.RemoteTestNGStarter.main(RemoteTestNGStarter.java:105)\nCaused by: com.github.fge.jsonschema.core.exceptions.ProcessingException: fatal: content at URI \"file:/Users/tranthanhlam/Desktop/ECI_ContentModerator_Automation%20tesing/target/test-classes/Schema/Brand/get_list_brand_schema.json#\" is not valid JSON\n    level: \"fatal\"\n    uri: \"file:/Users/tranthanhlam/Desktop/ECI_ContentModerator_Automation%20tesing/target/test-classes/Schema/Brand/get_list_brand_schema.json#\"\n    parsingMessage: \"input has trailing data after first JSON Text\"\n\n\tat com.github.fge.jsonschema.core.load.URIManager.getContent(URIManager.java:113)\n\tat com.github.fge.jsonschema.core.load.SchemaLoader$1.load(SchemaLoader.java:114)\n\tat com.github.fge.jsonschema.core.load.SchemaLoader$1.load(SchemaLoader.java:108)\n\tat com.google.common.cache.LocalCache$LoadingValueReference.loadFuture(LocalCache.java:3574)\n\tat com.google.common.cache.LocalCache$Segment.loadSync(LocalCache.java:2316)\n\tat com.google.common.cache.LocalCache$Segment.lockedGetOrLoad(LocalCache.java:2189)\n\tat com.google.common.cache.LocalCache$Segment.get(LocalCache.java:2079)\n\tat com.google.common.cache.LocalCache.get(LocalCache.java:4017)\n\tat com.google.common.cache.LocalCache.getOrLoad(LocalCache.java:4040)\n\tat com.google.common.cache.LocalCache$LocalLoadingCache.get(LocalCache.java:4989)\n\tat com.github.fge.jsonschema.core.load.SchemaLoader.get(SchemaLoader.java:171)\n\tat com.github.fge.jsonschema.main.JsonValidator.buildJsonSchema(JsonValidator.java:211)\n\tat com.github.fge.jsonschema.main.JsonSchemaFactory.getJsonSchema(JsonSchemaFactory.java:224)\n\tat io.restassured.module.jsv.JsonSchemaValidator.matchesSafely(JsonSchemaValidator.java:221)\n\t... 59 more\n"},"stage":"finished","steps":[],"attachments":[],"parameters":[],"start":1720721292886,"stop":1720721294205}