<!DOCTYPE html PUBLIC "-//W3C//DTD XHTML 1.1//EN" "https://www.w3.org/TR/xhtml11/DTD/xhtml11.dtd">
<html xmlns="https://www.w3.org/1999/xhtml">
<head>
<meta http-equiv="content-type" content="text/html; charset=UTF-8"/>
<title>TestNG Report</title>
<style type="text/css">table {margin-bottom:10px;border-collapse:collapse;empty-cells:show}th,td {border:1px solid #009;padding:.25em .5em}th {vertical-align:bottom}td {vertical-align:top}table a {font-weight:bold}.stripe td {background-color: #E6EBF9}.num {text-align:right}.passedodd td {background-color: #3F3}.passedeven td {background-color: #0A0}.skippedodd td {background-color: #DDD}.skippedeven td {background-color: #CCC}.failedodd td,.attn {background-color: #F33}.failedeven td,.stripe .attn {background-color: #D00}.stacktrace {white-space:pre;font-family:monospace}.totop {font-size:85%;text-align:center;border-bottom:2px solid #000}.invisible {display:none}</style>
</head>
<body>
<table>
<tr><th>Test</th><th># Passed</th><th># Skipped</th><th># Retried</th><th># Failed</th><th>Time (ms)</th><th>Included Groups</th><th>Excluded Groups</th></tr>
<tr><th colspan="8">Surefire suite</th></tr>
<tr><td><a href="#t0">Surefire test</a></td><td class="num">0</td><td class="num">0</td><td class="num">0</td><td class="num attn">14</td><td class="num">7,780</td><td></td><td></td></tr>
</table>
<table id='summary'><thead><tr><th>Class</th><th>Method</th><th>Start</th><th>Time (ms)</th></tr></thead><tbody><tr><th colspan="4">Surefire suite</th></tr></tbody><tbody id="t0"><tr><th colspan="4">Surefire test &#8212; failed</th></tr><tr class="failedeven"><td rowspan="4">Tests.BrandTest</td><td><a href="#m0">createBrand</a></td><td rowspan="1">1706808452414</td><td rowspan="1">160</td></tr><tr class="failedeven"><td><a href="#m1">deleteBrand</a></td><td rowspan="1">1706808452576</td><td rowspan="1">173</td></tr><tr class="failedeven"><td><a href="#m2">getListBrandDefault</a></td><td rowspan="1">1706808452750</td><td rowspan="1">155</td></tr><tr class="failedeven"><td><a href="#m3">updateBrand</a></td><td rowspan="1">1706808452907</td><td rowspan="1">167</td></tr><tr class="failedodd"><td rowspan="1">Tests.CardsTest</td><td><a href="#m4">partialDeck</a></td><td rowspan="1">1706808456182</td><td rowspan="1">362</td></tr><tr class="failedeven"><td rowspan="1">Tests.DeckTest</td><td><a href="#m5">shuffleDeck</a></td><td rowspan="1">1706808448918</td><td rowspan="1">945</td></tr><tr class="failedodd"><td rowspan="4">Tests.ModelTest</td><td><a href="#m6">createModel</a></td><td rowspan="1">1706808453076</td><td rowspan="1">465</td></tr><tr class="failedodd"><td><a href="#m7">deleteModel</a></td><td rowspan="1">1706808453543</td><td rowspan="1">1566</td></tr><tr class="failedodd"><td><a href="#m8">getListModelDefault</a></td><td rowspan="1">1706808455111</td><td rowspan="1">767</td></tr><tr class="failedodd"><td><a href="#m9">updateModel</a></td><td rowspan="1">1706808455880</td><td rowspan="1">299</td></tr><tr class="failedeven"><td rowspan="4">Tests.ProductLineTest</td><td><a href="#m10">createProductLine</a></td><td rowspan="1">1706808449866</td><td rowspan="1">1937</td></tr><tr class="failedeven"><td><a href="#m11">deleteProductLine</a></td><td rowspan="1">1706808451804</td><td rowspan="1">154</td></tr><tr class="failedeven"><td><a href="#m12">getListProductLineDefault</a></td><td rowspan="1">1706808451960</td><td rowspan="1">240</td></tr><tr class="failedeven"><td><a href="#m13">updateProductLine</a></td><td rowspan="1">1706808452202</td><td rowspan="1">209</td></tr></tbody>
</table>
<h2>Surefire test</h2><h3 id="m0">Tests.BrandTest#createBrand</h3><table class="result"><tr><th>Exception</th></tr><tr><td><div class="stacktrace">java.lang.AssertionError: expected [201] but found [401]
	at Tests.BrandTest.createBrand(BrandTest.java:40)
	at java.base/java.util.ArrayList.forEach(ArrayList.java:1511)
... Removed 37 stack frames</div></td></tr></table><p class="totop"><a href="#summary">back to summary</a></p>
<h3 id="m1">Tests.BrandTest#deleteBrand</h3><table class="result"><tr><th>Exception</th></tr><tr><td><div class="stacktrace">java.lang.AssertionError: expected [201] but found [401]
	at Tests.BrandTest.deleteBrand(BrandTest.java:71)
	at java.base/java.util.ArrayList.forEach(ArrayList.java:1511)
... Removed 37 stack frames</div></td></tr></table><p class="totop"><a href="#summary">back to summary</a></p>
<h3 id="m2">Tests.BrandTest#getListBrandDefault</h3><table class="result"><tr><th>Exception</th></tr><tr><td><div class="stacktrace">java.lang.AssertionError: expected [200] but found [401]
	at Tests.BrandTest.getListBrandDefault(BrandTest.java:27)
	at java.base/java.util.ArrayList.forEach(ArrayList.java:1511)
... Removed 37 stack frames</div></td></tr></table><p class="totop"><a href="#summary">back to summary</a></p>
<h3 id="m3">Tests.BrandTest#updateBrand</h3><table class="result"><tr><th>Exception</th></tr><tr><td><div class="stacktrace">java.lang.AssertionError: expected [201] but found [401]
	at Tests.BrandTest.updateBrand(BrandTest.java:57)
	at java.base/java.util.ArrayList.forEach(ArrayList.java:1511)
... Removed 37 stack frames</div></td></tr></table><p class="totop"><a href="#summary">back to summary</a></p>
<h3 id="m4">Tests.CardsTest#partialDeck</h3><table class="result"><tr><th>Exception</th></tr><tr><td><div class="stacktrace">java.lang.NoSuchMethodError: &apos;void org.hamcrest.Matcher.describeMismatch(java.lang.Object, org.hamcrest.Description)&apos;
	at org.hamcrest.MatcherAssert.assertThat(MatcherAssert.java:18)
	at org.hamcrest.MatcherAssert.assertThat(MatcherAssert.java:6)
	at Tests.CardsTest.partialDeck(CardsTest.java:43)
	at java.base/java.util.ArrayList.forEach(ArrayList.java:1511)
... Removed 30 stack frames</div></td></tr></table><p class="totop"><a href="#summary">back to summary</a></p>
<h3 id="m5">Tests.DeckTest#shuffleDeck</h3><table class="result"><tr><th>Exception</th></tr><tr><td><div class="stacktrace">io.restassured.module.jsv.JsonSchemaValidationException: java.io.FileNotFoundException: src/test/resources/shuffe_card_schema.json (No such file or directory)
	at io.restassured.module.jsv.JsonSchemaValidator$JsonSchemaValidatorFactory.create(JsonSchemaValidator.java:286)
	at io.restassured.module.jsv.JsonSchemaValidator.matchesJsonSchema(JsonSchemaValidator.java:157)
	at Tests.DeckTest.shuffleDeck(DeckTest.java:37)
	at java.base/java.util.ArrayList.forEach(ArrayList.java:1511)
Caused by: java.io.FileNotFoundException: src/test/resources/shuffe_card_schema.json (No such file or directory)
	at java.base/java.io.FileInputStream.open0(Native Method)
	at java.base/java.io.FileInputStream.open(FileInputStream.java:219)
	at java.base/java.io.FileInputStream.&lt;init&gt;(FileInputStream.java:158)
	at com.github.fge.jackson.JsonLoader.fromFile(JsonLoader.java:160)
	at io.restassured.module.jsv.JsonSchemaValidator$3.createSchemaInstance(JsonSchemaValidator.java:155)
	at io.restassured.module.jsv.JsonSchemaValidator$3.createSchemaInstance(JsonSchemaValidator.java:152)
	at io.restassured.module.jsv.JsonSchemaValidator$JsonSchemaValidatorFactory.create(JsonSchemaValidator.java:284)
	... 33 more
... Removed 30 stack frames</div></td></tr></table><p class="totop"><a href="#summary">back to summary</a></p>
<h3 id="m6">Tests.ModelTest#createModel</h3><table class="result"><tr><th>Exception</th></tr><tr><td><div class="stacktrace">java.lang.AssertionError: expected [201] but found [401]
	at Tests.ModelTest.createModel(ModelTest.java:43)
	at java.base/java.util.ArrayList.forEach(ArrayList.java:1511)
... Removed 37 stack frames</div></td></tr></table><p class="totop"><a href="#summary">back to summary</a></p>
<h3 id="m7">Tests.ModelTest#deleteModel</h3><table class="result"><tr><th>Exception</th></tr><tr><td><div class="stacktrace">java.lang.AssertionError: expected [201] but found [401]
	at Tests.ModelTest.deleteModel(ModelTest.java:68)
	at java.base/java.util.ArrayList.forEach(ArrayList.java:1511)
... Removed 37 stack frames</div></td></tr></table><p class="totop"><a href="#summary">back to summary</a></p>
<h3 id="m8">Tests.ModelTest#getListModelDefault</h3><table class="result"><tr><th>Exception</th></tr><tr><td><div class="stacktrace">java.lang.AssertionError: expected [200] but found [401]
	at Tests.ModelTest.getListModelDefault(ModelTest.java:29)
	at java.base/java.util.ArrayList.forEach(ArrayList.java:1511)
... Removed 37 stack frames</div></td></tr></table><p class="totop"><a href="#summary">back to summary</a></p>
<h3 id="m9">Tests.ModelTest#updateModel</h3><table class="result"><tr><th>Exception</th></tr><tr><td><div class="stacktrace">java.lang.AssertionError: expected [201] but found [401]
	at Tests.ModelTest.updateModel(ModelTest.java:57)
	at java.base/java.util.ArrayList.forEach(ArrayList.java:1511)
... Removed 37 stack frames</div></td></tr></table><p class="totop"><a href="#summary">back to summary</a></p>
<h3 id="m10">Tests.ProductLineTest#createProductLine</h3><table class="result"><tr><th>Exception</th></tr><tr><td><div class="stacktrace">java.lang.AssertionError: expected [201] but found [401]
	at Tests.ProductLineTest.createProductLine(ProductLineTest.java:41)
	at java.base/java.util.ArrayList.forEach(ArrayList.java:1511)
... Removed 37 stack frames</div></td></tr></table><p class="totop"><a href="#summary">back to summary</a></p>
<h3 id="m11">Tests.ProductLineTest#deleteProductLine</h3><table class="result"><tr><th>Exception</th></tr><tr><td><div class="stacktrace">java.lang.AssertionError: expected [201] but found [401]
	at Tests.ProductLineTest.deleteProductLine(ProductLineTest.java:69)
	at java.base/java.util.ArrayList.forEach(ArrayList.java:1511)
... Removed 37 stack frames</div></td></tr></table><p class="totop"><a href="#summary">back to summary</a></p>
<h3 id="m12">Tests.ProductLineTest#getListProductLineDefault</h3><table class="result"><tr><th>Exception</th></tr><tr><td><div class="stacktrace">java.lang.AssertionError: expected [200] but found [401]
	at Tests.ProductLineTest.getListProductLineDefault(ProductLineTest.java:28)
	at java.base/java.util.ArrayList.forEach(ArrayList.java:1511)
... Removed 37 stack frames</div></td></tr></table><p class="totop"><a href="#summary">back to summary</a></p>
<h3 id="m13">Tests.ProductLineTest#updateProductLine</h3><table class="result"><tr><th>Exception</th></tr><tr><td><div class="stacktrace">java.lang.AssertionError: expected [201] but found [401]
	at Tests.ProductLineTest.updateProductLine(ProductLineTest.java:55)
	at java.base/java.util.ArrayList.forEach(ArrayList.java:1511)
... Removed 37 stack frames</div></td></tr></table><p class="totop"><a href="#summary">back to summary</a></p>
</body>
</html>
